#
# There is insufficient memory for the Java Runtime Environment to continue.
# Native memory allocation (mmap) failed to map 134217728 bytes. Error detail: G1 virtual space
# Possible reasons:
#   The system is out of physical RAM or swap space
#   This process is running with CompressedOops enabled, and the Java Heap may be blocking the growth of the native heap
# Possible solutions:
#   Reduce memory load on the system
#   Increase physical memory or swap space
#   Check if swap backing store is full
#   Decrease Java heap size (-Xmx/-Xms)
#   Decrease number of Java threads
#   Decrease Java thread stack sizes (-Xss)
#   Set larger code cache with -XX:ReservedCodeCacheSize=
#   JVM is running with Unscaled Compressed Oops mode in which the Java heap is
#     placed in the first 4GB address space. The Java Heap base address is the
#     maximum limit for the native heap growth. Please use -XX:HeapBaseMinAddress
#     to set the Java Heap base and to place the Java Heap above 4GB virtual address.
# This output file may be truncated or incomplete.
#
#  Out of Memory Error (os_windows.cpp:3815), pid=15756, tid=23148
#
# JRE version:  (21.0.3+13) (build )
# Java VM: OpenJDK 64-Bit Server VM (21.0.3+13-b509.11, mixed mode, sharing, tiered, compressed oops, compressed class ptrs, g1 gc, windows-amd64)
# No core dump will be written. Minidumps are not enabled by default on client versions of Windows
#

---------------  S U M M A R Y ------------

Command Line: -Djava.rmi.server.hostname=127.0.0.1 -Duser.timezone=UTC -Xmx2048m -Xms128m -Djdbc.classpath=C:\Program Files\JetBrains\IntelliJIdea2024.2\plugins\DatabaseTools\lib\jdbc-console.jar;C:\Users\DAkhtyamov\AppData\Roaming\JetBrains\IntelliJIdea2024.2\jdbc-drivers\PostgreSQL\42.7.3\org\postgresql\postgresql\42.7.3\postgresql-42.7.3.jar;C:\Users\DAkhtyamov\AppData\Roaming\JetBrains\IntelliJIdea2024.2\jdbc-drivers\PostgreSQL\42.7.3\org\checkerframework\checker-qual\3.42.0\checker-qual-3.42.0.jar;C:\Users\DAkhtyamov\AppData\Roaming\JetBrains\IntelliJIdea2024.2\jdbc-drivers\PostgreSQL\42.7.3\com\github\waffle\waffle-jna\1.9.1\waffle-jna-1.9.1.jar;C:\Users\DAkhtyamov\AppData\Roaming\JetBrains\IntelliJIdea2024.2\jdbc-drivers\PostgreSQL\42.7.3\net\java\dev\jna\jna\4.5.1\jna-4.5.1.jar;C:\Users\DAkhtyamov\AppData\Roaming\JetBrains\IntelliJIdea2024.2\jdbc-drivers\PostgreSQL\42.7.3\net\java\dev\jna\jna-platform\4.5.1\jna-platform-4.5.1.jar;C:\Users\DAkhtyamov\AppData\Roaming\JetBrains\IntelliJIdea2024.2\jdbc-drivers\PostgreSQL\42.7.3\org\slf4j\jcl-over-slf4j\1.7.25\jcl-over-slf4j-1.7.25.jar;C:\Users\DAkhtyamov\AppData\Roaming\JetBrains\IntelliJIdea2024.2\jdbc-drivers\PostgreSQL\42.7.3\org\slf4j\slf4j-api\1.7.25\slf4j-api-1.7.25.jar;C:\Users\DAkhtyamov\AppData\Roaming\JetBrains\IntelliJIdea2024.2\jdbc-drivers\PostgreSQL\42.7.3\com\github\ben-manes\caffeine\caffeine\2.6.2\caffeine-2.6.2.jar --add-exports=java.desktop/sun.awt=ALL-UNNAMED --add-exports=java.desktop/java.awt.peer=ALL-UNNAMED --add-opens=java.desktop/java.awt=ALL-UNNAMED --add-opens=jdk.unsupported/sun.misc=ALL-UNNAMED --add-opens=java.base/java.nio=ALL-UNNAMED --add-opens=java.base/java.util=ALL-UNNAMED -Dfile.encoding=UTF-8 -Dsun.stdout.encoding=UTF-8 -Dsun.stderr.encoding=UTF-8 com.intellij.database.remote.RemoteJdbcServer org.postgresql.Driver

Host: Intel(R) Core(TM) i5-8250U CPU @ 1.60GHz, 8 cores, 7G,  Windows 10 , 64 bit Build 19041 (10.0.19041.5198)
Time: Mon Feb  3 17:59:06 2025 RTZ 4 (s 10 , 64 bit Build 19041 (10.0.19041.5198) elapsed time: 0.026163 seconds (0d 0h 0m 0s)

---------------  T H R E A D  ---------------

Current thread (0x000001d9c1ab64c0):  JavaThread "Unknown thread" [_thread_in_vm, id=23148, stack(0x00000043b8300000,0x00000043b8400000) (1024K)]

Stack: [0x00000043b8300000,0x00000043b8400000]
Native frames: (J=compiled Java code, j=interpreted, Vv=VM code, C=native code)
V  [jvm.dll+0x6e02f9]
V  [jvm.dll+0x8bd383]
V  [jvm.dll+0x8bf8de]
V  [jvm.dll+0x8bffc3]
V  [jvm.dll+0x2879c6]
V  [jvm.dll+0x6dcac5]
V  [jvm.dll+0x6d0f9a]
V  [jvm.dll+0x35f9bb]
V  [jvm.dll+0x367566]
V  [jvm.dll+0x3b8b56]
V  [jvm.dll+0x3b8e28]
V  [jvm.dll+0x33217c]
V  [jvm.dll+0x332e6b]
V  [jvm.dll+0x8845e9]
V  [jvm.dll+0x3c5f38]
V  [jvm.dll+0x86d80d]
V  [jvm.dll+0x45ab9e]
V  [jvm.dll+0x45c771]
C  [jli.dll+0x52ab]
C  [ucrtbase.dll+0x21bb2]
C  [KERNEL32.DLL+0x17374]
C  [ntdll.dll+0x4cc91]


---------------  P R O C E S S  ---------------

Threads class SMR info:
_java_thread_list=0x00007ffdb68fd108, length=0, elements={
}

Java Threads: ( => current thread )
Total: 0

Other Threads:
  0x000001d9c3bba490 WorkerThread "GC Thread#0"                     [id=5684, stack(0x00000043b8400000,0x00000043b8500000) (1024K)]
  0x000001d9c3bcb470 ConcurrentGCThread "G1 Main Marker"            [id=18508, stack(0x00000043b8500000,0x00000043b8600000) (1024K)]
  0x000001d9c3bcc120 WorkerThread "G1 Conc#0"                       [id=2632, stack(0x00000043b8600000,0x00000043b8700000) (1024K)]

[error occurred during error reporting (printing all threads), id 0xc0000005, EXCEPTION_ACCESS_VIOLATION (0xc0000005) at pc=0x00007ffdb5ff52d7]
VM state: not at safepoint (not fully initialized)

VM Mutex/Monitor currently owned by a thread:  ([mutex/lock_event])
[0x00007ffdb6971858] Heap_lock - owner thread: 0x000001d9c1ab64c0

Heap address: 0x0000000080000000, size: 2048 MB, Compressed Oops mode: 32-bit

CDS archive(s) mapped at: [0x0000000000000000-0x0000000000000000-0x0000000000000000), size 0, SharedBaseAddress: 0x0000000800000000, ArchiveRelocationMode: 1.
Narrow klass base: 0x0000000000000000, Narrow klass shift: 0, Narrow klass range: 0x0

GC Precious Log:
 CardTable entry size: 512
 Card Set container configuration: InlinePtr #cards 5 size 8 Array Of Cards #cards 12 size 40 Howl #buckets 4 coarsen threshold 1843 Howl Bitmap #cards 512 size 80 coarsen threshold 460 Card regions per heap region 1 cards per card region 2048

Heap:
 garbage-first heap   total 0K, used 0K [0x0000000080000000, 0x0000000100000000)
  region size 1024K, 0 young (0K), 0 survivors (0K)
 Metaspace       used 0K, committed 0K, reserved 0K
  class space    used 0K, committed 0K, reserved 0K

Heap Regions: E=young(eden), S=young(survivor), O=old, HS=humongous(starts), HC=humongous(continues), CS=collection set, F=free, TAMS=top-at-mark-start, PB=parsable bottom

Card table byte_map: [0x000001d9d71b0000,0x000001d9d75b0000] _byte_map_base: 0x000001d9d6db0000

Marking Bits: (CMBitMap*) 0x000001d9c3bbab90
 Bits: [0x000001d9d75b0000, 0x000001d9d95b0000)

GC Heap History (0 events):
No events

Dll operation events (1 events):
Event: 0.014 Loaded shared library C:\Program Files\JetBrains\IntelliJIdea2024.2\jbr\bin\java.dll

Deoptimization events (0 events):
No events

Classes loaded (0 events):
No events

Classes unloaded (0 events):
No events

Classes redefined (0 events):
No events

Internal exceptions (0 events):
No events

ZGC Phase Switch (0 events):
No events

VM Operations (0 events):
No events

Events (0 events):
No events


Dynamic libraries:
0x00007ff6d5db0000 - 0x00007ff6d5dba000 	C:\Program Files\JetBrains\IntelliJIdea2024.2\jbr\bin\java.exe
0x00007ffe01590000 - 0x00007ffe01788000 	C:\WINDOWS\SYSTEM32\ntdll.dll
0x00007ffe01450000 - 0x00007ffe01512000 	C:\WINDOWS\System32\KERNEL32.DLL
0x00007ffdfebf0000 - 0x00007ffdfeeef000 	C:\WINDOWS\System32\KERNELBASE.dll
0x00007ffdff0b0000 - 0x00007ffdff1b0000 	C:\WINDOWS\System32\ucrtbase.dll
0x00007ffdf3710000 - 0x00007ffdf372b000 	C:\Program Files\JetBrains\IntelliJIdea2024.2\jbr\bin\VCRUNTIME140.dll
0x00007ffde67d0000 - 0x00007ffde67e8000 	C:\Program Files\JetBrains\IntelliJIdea2024.2\jbr\bin\jli.dll
0x00007ffe00a60000 - 0x00007ffe00bfd000 	C:\WINDOWS\System32\USER32.dll
0x00007ffdff200000 - 0x00007ffdff222000 	C:\WINDOWS\System32\win32u.dll
0x00007ffe012f0000 - 0x00007ffe0131b000 	C:\WINDOWS\System32\GDI32.dll
0x00007ffde8df0000 - 0x00007ffde908a000 	C:\WINDOWS\WinSxS\amd64_microsoft.windows.common-controls_6595b64144ccf1df_6.0.19041.4355_none_60b8b9eb71f62e16\COMCTL32.dll
0x00007ffdfef60000 - 0x00007ffdff077000 	C:\WINDOWS\System32\gdi32full.dll
0x00007ffe00da0000 - 0x00007ffe00e3e000 	C:\WINDOWS\System32\msvcrt.dll
0x00007ffdff2c0000 - 0x00007ffdff35d000 	C:\WINDOWS\System32\msvcp_win.dll
0x00007ffe006d0000 - 0x00007ffe006ff000 	C:\WINDOWS\System32\IMM32.DLL
0x00007ffdf5a70000 - 0x00007ffdf5a7c000 	C:\Program Files\JetBrains\IntelliJIdea2024.2\jbr\bin\vcruntime140_1.dll
0x00007ffdddb50000 - 0x00007ffdddbdd000 	C:\Program Files\JetBrains\IntelliJIdea2024.2\jbr\bin\msvcp140.dll
0x00007ffdb5cb0000 - 0x00007ffdb6a62000 	C:\Program Files\JetBrains\IntelliJIdea2024.2\jbr\bin\server\jvm.dll
0x00007ffe01390000 - 0x00007ffe01441000 	C:\WINDOWS\System32\ADVAPI32.dll
0x00007ffe010a0000 - 0x00007ffe0113f000 	C:\WINDOWS\System32\sechost.dll
0x00007ffe00370000 - 0x00007ffe00493000 	C:\WINDOWS\System32\RPCRT4.dll
0x00007ffdff080000 - 0x00007ffdff0a7000 	C:\WINDOWS\System32\bcrypt.dll
0x00007ffe01320000 - 0x00007ffe0138b000 	C:\WINDOWS\System32\WS2_32.dll
0x00007ffdfe600000 - 0x00007ffdfe64b000 	C:\WINDOWS\SYSTEM32\POWRPROF.dll
0x00007ffde9730000 - 0x00007ffde9757000 	C:\WINDOWS\SYSTEM32\WINMM.dll
0x00007ffdfd890000 - 0x00007ffdfd89a000 	C:\WINDOWS\SYSTEM32\VERSION.dll
0x00007ffdfe5e0000 - 0x00007ffdfe5f2000 	C:\WINDOWS\SYSTEM32\UMPDC.dll
0x00007ffdfd7f0000 - 0x00007ffdfd802000 	C:\WINDOWS\SYSTEM32\kernel.appcore.dll
0x00007ffdf52f0000 - 0x00007ffdf52fa000 	C:\Program Files\JetBrains\IntelliJIdea2024.2\jbr\bin\jimage.dll
0x00007ffdf9470000 - 0x00007ffdf9654000 	C:\WINDOWS\SYSTEM32\DBGHELP.DLL
0x00007ffde5370000 - 0x00007ffde53a4000 	C:\WINDOWS\SYSTEM32\dbgcore.DLL
0x00007ffdff230000 - 0x00007ffdff2b2000 	C:\WINDOWS\System32\bcryptPrimitives.dll
0x00007ffdf36d0000 - 0x00007ffdf36ef000 	C:\Program Files\JetBrains\IntelliJIdea2024.2\jbr\bin\java.dll

dbghelp: loaded successfully - version: 4.0.5 - missing functions: none
symbol engine: initialized successfully - sym options: 0x614 - pdb path: .;C:\Program Files\JetBrains\IntelliJIdea2024.2\jbr\bin;C:\WINDOWS\SYSTEM32;C:\WINDOWS\WinSxS\amd64_microsoft.windows.common-controls_6595b64144ccf1df_6.0.19041.4355_none_60b8b9eb71f62e16;C:\Program Files\JetBrains\IntelliJIdea2024.2\jbr\bin\server

VM Arguments:
jvm_args: -Djava.rmi.server.hostname=127.0.0.1 -Duser.timezone=UTC -Xmx2048m -Xms128m -Djdbc.classpath=C:\Program Files\JetBrains\IntelliJIdea2024.2\plugins\DatabaseTools\lib\jdbc-console.jar;C:\Users\DAkhtyamov\AppData\Roaming\JetBrains\IntelliJIdea2024.2\jdbc-drivers\PostgreSQL\42.7.3\org\postgresql\postgresql\42.7.3\postgresql-42.7.3.jar;C:\Users\DAkhtyamov\AppData\Roaming\JetBrains\IntelliJIdea2024.2\jdbc-drivers\PostgreSQL\42.7.3\org\checkerframework\checker-qual\3.42.0\checker-qual-3.42.0.jar;C:\Users\DAkhtyamov\AppData\Roaming\JetBrains\IntelliJIdea2024.2\jdbc-drivers\PostgreSQL\42.7.3\com\github\waffle\waffle-jna\1.9.1\waffle-jna-1.9.1.jar;C:\Users\DAkhtyamov\AppData\Roaming\JetBrains\IntelliJIdea2024.2\jdbc-drivers\PostgreSQL\42.7.3\net\java\dev\jna\jna\4.5.1\jna-4.5.1.jar;C:\Users\DAkhtyamov\AppData\Roaming\JetBrains\IntelliJIdea2024.2\jdbc-drivers\PostgreSQL\42.7.3\net\java\dev\jna\jna-platform\4.5.1\jna-platform-4.5.1.jar;C:\Users\DAkhtyamov\AppData\Roaming\JetBrains\IntelliJIdea2024.2\jdbc-drivers\PostgreSQL\42.7.3\org\slf4j\jcl-over-slf4j\1.7.25\jcl-over-slf4j-1.7.25.jar;C:\Users\DAkhtyamov\AppData\Roaming\JetBrains\IntelliJIdea2024.2\jdbc-drivers\PostgreSQL\42.7.3\org\slf4j\slf4j-api\1.7.25\slf4j-api-1.7.25.jar;C:\Users\DAkhtyamov\AppData\Roaming\JetBrains\IntelliJIdea2024.2\jdbc-drivers\PostgreSQL\42.7.3\com\github\ben-manes\caffeine\caffeine\2.6.2\caffeine-2.6.2.jar --add-exports=java.desktop/sun.awt=ALL-UNNAMED --add-exports=java.desktop/java.awt.peer=ALL-UNNAMED --add-opens=java.desktop/java.awt=ALL-UNNAMED --add-opens=jdk.unsupported/sun.misc=ALL-UNNAMED --add-opens=java.base/java.nio=ALL-UNNAMED --add-opens=java.base/java.util=ALL-UNNAMED -Dfile.encoding=UTF-8 -Dsun.stdout.encoding=UTF-8 -Dsun.stderr.encoding=UTF-8 
java_command: com.intellij.database.remote.RemoteJdbcServer org.postgresql.Driver
java_class_path (initial): C:\Program Files\JetBrains\IntelliJIdea2024.2\lib\util_rt.jar;C:\Program Files\JetBrains\IntelliJIdea2024.2\lib\util-8.jar;C:\Program Files\JetBrains\IntelliJIdea2024.2\lib\groovy.jar;C:\Program Files\JetBrains\IntelliJIdea2024.2\plugins\DatabaseTools\lib\jdbc-console.jar;C:\Program Files\JetBrains\IntelliJIdea2024.2\plugins\grid-core-impl\lib\jdbc-console-types.jar;C:\Program Files\JetBrains\IntelliJIdea2024.2\lib\util.jar;C:\Program Files\JetBrains\IntelliJIdea2024.2\lib\bouncy-castle.jar
Launcher Type: SUN_STANDARD

[Global flags]
     intx CICompilerCount                          = 4                                         {product} {ergonomic}
     uint ConcGCThreads                            = 2                                         {product} {ergonomic}
     uint G1ConcRefinementThreads                  = 8                                         {product} {ergonomic}
   size_t G1HeapRegionSize                         = 1048576                                   {product} {ergonomic}
    uintx GCDrainStackTargetSize                   = 64                                        {product} {ergonomic}
   size_t InitialHeapSize                          = 134217728                                 {product} {command line}
   size_t MarkStackSize                            = 4194304                                   {product} {ergonomic}
   size_t MaxHeapSize                              = 2147483648                                {product} {command line}
   size_t MinHeapDeltaBytes                        = 1048576                                   {product} {ergonomic}
   size_t MinHeapSize                              = 134217728                                 {product} {command line}
    uintx NonNMethodCodeHeapSize                   = 5839372                                {pd product} {ergonomic}
    uintx NonProfiledCodeHeapSize                  = 122909434                              {pd product} {ergonomic}
    uintx ProfiledCodeHeapSize                     = 122909434                              {pd product} {ergonomic}
    uintx ReservedCodeCacheSize                    = 251658240                              {pd product} {ergonomic}
     bool SegmentedCodeCache                       = true                                      {product} {ergonomic}
   size_t SoftMaxHeapSize                          = 2147483648                             {manageable} {ergonomic}
     bool UseCompressedOops                        = true                           {product lp64_product} {ergonomic}
     bool UseG1GC                                  = true                                      {product} {ergonomic}
     bool UseLargePagesIndividualAllocation        = false                                  {pd product} {ergonomic}

Logging:
Log output configuration:
 #0: stdout all=warning uptime,level,tags foldmultilines=false
 #1: stderr all=off uptime,level,tags foldmultilines=false

Environment Variables:
JAVA_HOME=C:\Program Files (x86)\Java\jdk-17
PATH=C:\ProgramData\Oracle\Java\javapath;C:\WINDOWS\system32;C:\WINDOWS;C:\WINDOWS\System32\Wbem;C:\WINDOWS\System32\WindowsPowerShell\v1.0\;C:\WINDOWS\System32\OpenSSH\;C:\Program Files\dotnet\;C:\Program Files\Microsoft SQL Server\130\Tools\Binn\;C:\Program Files\Microsoft SQL Server\Client SDK\ODBC\170\Tools\Binn\;C:\Program Files (x86)\dotnet\;C:\Program Files\Git\cmd;C:\Program Files\Go\bin;C:\Program Files (x86)\opt\apache-maven-3.9.6\bin;C:\Program Files (x86)\Java\jdk-17\bin;;C:\Program Files\PuTTY\;C:\Program Files\Docker\Docker\resources\bin;C:\Users\DAkhtyamov\AppData\Local\Microsoft\WindowsApps;C:\Users\DAkhtyamov\.dotnet\tools;C:\Users\DAkhtyamov\AppData\Local\GitHubDesktop\bin;C:\Users\DAkhtyamov\AppData\Local\Programs\Microsoft VS Code\bin;C:\Users\DAkhtyamov\go\bin;\scripts\windows\path;C:\Users\DAkhtyamov\Desktop\java\KITE\bin;;C:\Users\DAkhtyamov\AppData\Local\Programs\Bito
USERNAME=DAkhtyamov
OS=Windows_NT
PROCESSOR_IDENTIFIER=Intel64 Family 6 Model 142 Stepping 10, GenuineIntel
TMP=C:\Users\DAKHTY~1\AppData\Local\Temp
TEMP=C:\Users\DAKHTY~1\AppData\Local\Temp




Periodic native trim disabled

JNI global refs:
JNI global refs: 0, weak refs: 0

JNI global refs memory usage: 0, weak refs: 0

Process memory usage:
Resident Set Size: 10388K (0% of 8243348K total physical memory with 310832K free physical memory)

OOME stack traces (most recent first):
Classloader memory used:

---------------  S Y S T E M  ---------------

OS:
 Windows 10 , 64 bit Build 19041 (10.0.19041.5198)
OS uptime: 17 days 21:21 hours
Hyper-V role detected

CPU: total 8 (initial active 8) (4 cores per cpu, 2 threads per core) family 6 model 142 stepping 10 microcode 0xf4, cx8, cmov, fxsr, ht, mmx, 3dnowpref, sse, sse2, sse3, ssse3, sse4.1, sse4.2, popcnt, lzcnt, tsc, tscinvbit, avx, avx2, aes, erms, clmul, bmi1, bmi2, adx, fma, vzeroupper, clflush, clflushopt, hv, rdtscp, f16c
Processor Information for all 8 processors :
  Max Mhz: 1800, Current Mhz: 1600, Mhz Limit: 1584

Memory: 4k page, system-wide physical 8050M (303M free)
TotalPageFile size 32626M (AvailPageFile size 15M)
current process WorkingSet (physical memory assigned to process): 10M, peak: 10M
current process commit charge ("private bytes"): 60M, peak: 188M

vm_info: OpenJDK 64-Bit Server VM (21.0.3+13-b509.11) for windows-amd64 JRE (21.0.3+13-b509.11), built on 2024-08-12 by "builduser" with MS VC++ 16.10 / 16.11 (VS2019)

END.
